<?xml version="1.0" encoding="UTF-8"?>
<testsuites name="jest tests" tests="1" failures="0" errors="0" time="1.271">
  <testsuite name="src/App.test.js" errors="0" failures="0" skipped="0" timestamp="2024-08-19T13:38:33" time="0.763" tests="1">
    <testcase classname="-renders learn Jenkins link" name="-renders learn Jenkins link" time="0.029">
    </testcase>
  </testsuite>
</testsuites>